mode: atomic
stvCms/internal/repository/NotificationRepository.go:27.83,29.2 1 1
stvCms/internal/repository/NotificationRepository.go:33.90,35.16 2 11
stvCms/internal/repository/NotificationRepository.go:35.16,37.3 1 0
stvCms/internal/repository/NotificationRepository.go:38.2,38.57 1 11
stvCms/internal/repository/NotificationRepository.go:41.94,43.16 2 8
stvCms/internal/repository/NotificationRepository.go:43.16,45.3 1 0
stvCms/internal/repository/NotificationRepository.go:47.2,48.28 2 8
stvCms/internal/repository/NotificationRepository.go:48.28,50.58 2 12
stvCms/internal/repository/NotificationRepository.go:50.58,51.12 1 0
stvCms/internal/repository/NotificationRepository.go:53.3,53.43 1 12
stvCms/internal/repository/NotificationRepository.go:55.2,55.27 1 8
stvCms/internal/repository/NotificationRepository.go:58.82,60.16 2 2
stvCms/internal/repository/NotificationRepository.go:60.16,62.3 1 0
stvCms/internal/repository/NotificationRepository.go:64.2,64.28 1 2
stvCms/internal/repository/NotificationRepository.go:64.28,66.58 2 2
stvCms/internal/repository/NotificationRepository.go:66.58,67.12 1 0
stvCms/internal/repository/NotificationRepository.go:69.3,69.17 1 2
stvCms/internal/repository/NotificationRepository.go:69.17,72.18 3 1
stvCms/internal/repository/NotificationRepository.go:72.18,74.5 1 0
stvCms/internal/repository/NotificationRepository.go:75.4,75.71 1 1
stvCms/internal/repository/NotificationRepository.go:78.2,78.12 1 1
stvCms/internal/repository/NotificationRepository.go:81.74,83.16 2 2
stvCms/internal/repository/NotificationRepository.go:83.16,85.3 1 0
stvCms/internal/repository/NotificationRepository.go:87.2,87.28 1 2
stvCms/internal/repository/NotificationRepository.go:87.28,89.58 2 6
stvCms/internal/repository/NotificationRepository.go:89.58,90.12 1 0
stvCms/internal/repository/NotificationRepository.go:92.3,92.14 1 6
stvCms/internal/repository/NotificationRepository.go:92.14,95.18 3 4
stvCms/internal/repository/NotificationRepository.go:95.18,97.5 1 0
stvCms/internal/repository/NotificationRepository.go:98.4,98.87 1 4
stvCms/internal/repository/NotificationRepository.go:98.87,100.5 1 0
stvCms/internal/repository/NotificationRepository.go:103.2,103.12 1 2
stvCms/internal/repository/NotificationRepository.go:106.86,108.16 2 4
stvCms/internal/repository/NotificationRepository.go:108.16,110.3 1 0
stvCms/internal/repository/NotificationRepository.go:112.2,113.28 2 4
stvCms/internal/repository/NotificationRepository.go:113.28,115.58 2 5
stvCms/internal/repository/NotificationRepository.go:115.58,116.12 1 0
stvCms/internal/repository/NotificationRepository.go:118.3,118.14 1 5
stvCms/internal/repository/NotificationRepository.go:118.14,120.4 1 1
stvCms/internal/repository/NotificationRepository.go:122.2,122.19 1 4
stvCms/internal/repository/NotificationRepository.go:125.80,127.16 2 3
stvCms/internal/repository/NotificationRepository.go:127.16,129.3 1 0
stvCms/internal/repository/NotificationRepository.go:131.2,131.28 1 3
stvCms/internal/repository/NotificationRepository.go:131.28,133.58 2 6
stvCms/internal/repository/NotificationRepository.go:133.58,134.12 1 0
stvCms/internal/repository/NotificationRepository.go:136.3,136.17 1 6
stvCms/internal/repository/NotificationRepository.go:136.17,139.4 1 2
stvCms/internal/repository/NotificationRepository.go:141.2,141.12 1 1
stvCms/internal/repository/NotificationRepository.go:145.111,147.16 2 2
stvCms/internal/repository/NotificationRepository.go:147.16,149.3 1 0
stvCms/internal/repository/NotificationRepository.go:151.2,152.28 2 2
stvCms/internal/repository/NotificationRepository.go:152.28,154.58 2 2
stvCms/internal/repository/NotificationRepository.go:154.58,155.12 1 0
stvCms/internal/repository/NotificationRepository.go:157.3,157.33 1 2
stvCms/internal/repository/NotificationRepository.go:157.33,159.4 1 1
stvCms/internal/repository/NotificationRepository.go:161.2,161.12 1 2
stvCms/internal/repository/PostRepository.go:29.97,36.16 3 0
stvCms/internal/repository/PostRepository.go:36.16,38.3 1 0
stvCms/internal/repository/PostRepository.go:39.2,39.19 1 0
stvCms/internal/repository/PostRepository.go:42.57,44.2 1 0
stvCms/internal/repository/PostRepository.go:46.76,48.95 2 0
stvCms/internal/repository/PostRepository.go:48.95,50.3 1 0
stvCms/internal/repository/PostRepository.go:52.2,53.16 2 0
stvCms/internal/repository/PostRepository.go:53.16,55.3 1 0
stvCms/internal/repository/PostRepository.go:56.2,57.18 2 0
stvCms/internal/repository/PostRepository.go:60.68,65.16 3 0
stvCms/internal/repository/PostRepository.go:65.16,67.3 1 0
stvCms/internal/repository/PostRepository.go:68.2,68.19 1 0
stvCms/internal/repository/PostRepository.go:71.72,73.16 2 0
stvCms/internal/repository/PostRepository.go:73.16,75.3 1 0
stvCms/internal/repository/PostRepository.go:76.2,76.40 1 0
stvCms/internal/repository/PostRepository.go:79.74,84.16 3 0
stvCms/internal/repository/PostRepository.go:84.16,86.3 1 0
stvCms/internal/repository/PostRepository.go:87.2,87.19 1 0
stvCms/internal/repository/PostRepository.go:90.67,95.16 3 0
stvCms/internal/repository/PostRepository.go:95.16,97.3 1 0
stvCms/internal/repository/PostRepository.go:98.2,98.19 1 0
stvCms/internal/repository/PostRepository.go:101.81,107.25 2 0
stvCms/internal/repository/PostRepository.go:107.25,109.3 1 0
stvCms/internal/repository/PostRepository.go:111.2,111.30 1 0
stvCms/internal/repository/PostRepository.go:111.30,113.3 1 0
stvCms/internal/repository/PostRepository.go:116.2,116.92 1 0
stvCms/internal/repository/PostRepository.go:116.92,118.3 1 0
stvCms/internal/repository/PostRepository.go:120.2,120.36 1 0
stvCms/internal/repository/PostRepository.go:120.36,123.3 2 0
stvCms/internal/repository/PostRepository.go:124.2,124.33 1 0
stvCms/internal/repository/PostRepository.go:124.33,125.65 1 0
stvCms/internal/repository/PostRepository.go:125.65,127.4 1 0
stvCms/internal/repository/PostRepository.go:130.2,130.32 1 0
stvCms/internal/repository/PostRepository.go:133.84,135.119 2 0
stvCms/internal/repository/PostRepository.go:135.119,137.3 1 0
stvCms/internal/repository/PostRepository.go:139.2,141.18 3 0
stvCms/internal/repository/PostRepository.go:144.75,146.94 2 0
stvCms/internal/repository/PostRepository.go:146.94,148.3 1 0
stvCms/internal/repository/PostRepository.go:150.2,152.18 3 0
stvCms/internal/repository/PostRepository.go:155.88,159.2 3 0
stvCms/internal/repository/PostRepository.go:161.55,164.2 2 0
stvCms/internal/repository/PostRepository.go:166.51,169.44 2 0
stvCms/internal/repository/PostRepository.go:169.44,171.3 1 0
stvCms/internal/repository/PostRepository.go:172.2,172.13 1 0
stvCms/internal/repository/ProjectRepository.go:23.63,25.2 1 0
stvCms/internal/repository/ProjectRepository.go:27.84,29.16 2 0
stvCms/internal/repository/ProjectRepository.go:29.16,31.3 1 0
stvCms/internal/repository/ProjectRepository.go:32.2,32.30 1 0
stvCms/internal/repository/ProjectRepository.go:35.83,38.16 3 0
stvCms/internal/repository/ProjectRepository.go:38.16,40.3 1 0
stvCms/internal/repository/ProjectRepository.go:41.2,41.22 1 0
stvCms/internal/repository/ProjectRepository.go:44.76,47.16 3 0
stvCms/internal/repository/ProjectRepository.go:47.16,49.3 1 0
stvCms/internal/repository/ProjectRepository.go:50.2,50.22 1 0
stvCms/internal/repository/ProjectRepository.go:53.78,57.2 3 0
stvCms/internal/repository/ProjectRepository.go:59.93,61.25 2 0
stvCms/internal/repository/ProjectRepository.go:61.25,63.3 1 0
stvCms/internal/repository/ProjectRepository.go:64.2,64.30 1 0
stvCms/internal/repository/ProjectRepository.go:64.30,66.3 1 0
stvCms/internal/repository/ProjectRepository.go:67.2,67.35 1 0
stvCms/internal/repository/ProjectRepository.go:70.61,72.2 1 0
stvCms/internal/repository/ProjectRepository.go:74.57,77.2 2 0
stvCms/internal/repository/UserRepository.go:19.53,21.2 1 0
stvCms/internal/repository/UserRepository.go:23.73,27.2 3 0
stvCms/internal/repository/UserRepository.go:29.58,31.2 1 0
stvCms/internal/repository/UserRepository.go:33.58,35.2 1 0
