mode: atomic
stvCms/internal/services/Auth.go:17.67,19.2 1 5
stvCms/internal/services/Auth.go:21.90,23.16 2 6
stvCms/internal/services/Auth.go:23.16,31.49 2 4
stvCms/internal/services/Auth.go:31.49,33.4 1 0
stvCms/internal/services/Auth.go:34.3,34.22 1 4
stvCms/internal/services/Auth.go:37.2,39.20 3 2
stvCms/internal/services/Auth.go:39.20,41.3 1 1
stvCms/internal/services/Auth.go:42.2,42.45 1 2
stvCms/internal/services/Auth.go:42.45,44.3 1 0
stvCms/internal/services/Auth.go:45.2,45.18 1 2
stvCms/internal/services/Auth.go:48.73,50.2 1 2
stvCms/internal/services/LoginAndRegister.go:6.60,8.2 1 1
stvCms/internal/services/Notification.go:27.91,29.2 1 1
stvCms/internal/services/Notification.go:31.126,44.2 2 2
stvCms/internal/services/Notification.go:46.91,48.2 1 1
stvCms/internal/services/Notification.go:50.83,52.2 1 1
stvCms/internal/services/Notification.go:54.79,56.2 1 1
stvCms/internal/services/Notification.go:58.71,60.2 1 1
stvCms/internal/services/Notification.go:62.77,64.2 1 1
stvCms/internal/services/Post.go:64.66,69.16 2 2
stvCms/internal/services/Post.go:69.16,71.3 1 1
stvCms/internal/services/Post.go:72.2,75.16 3 1
stvCms/internal/services/Post.go:75.16,77.3 1 0
stvCms/internal/services/Post.go:78.2,78.18 1 1
stvCms/internal/services/Post.go:81.214,90.2 1 12
stvCms/internal/services/Post.go:92.82,94.18 2 8
stvCms/internal/services/Post.go:94.18,96.3 1 4
stvCms/internal/services/Post.go:99.2,99.69 1 8
stvCms/internal/services/Post.go:99.69,101.3 1 4
stvCms/internal/services/Post.go:103.2,109.42 2 8
stvCms/internal/services/Post.go:109.42,117.3 2 1
stvCms/internal/services/Post.go:119.2,120.16 2 8
stvCms/internal/services/Post.go:120.16,122.3 1 1
stvCms/internal/services/Post.go:124.2,124.39 1 7
stvCms/internal/services/Post.go:124.39,140.26 4 3
stvCms/internal/services/Post.go:140.26,141.90 1 0
stvCms/internal/services/Post.go:141.90,143.5 1 0
stvCms/internal/services/Post.go:146.3,146.81 1 3
stvCms/internal/services/Post.go:149.2,149.23 1 4
stvCms/internal/services/Post.go:152.81,155.16 3 3
stvCms/internal/services/Post.go:155.16,157.3 1 1
stvCms/internal/services/Post.go:159.2,159.34 1 2
stvCms/internal/services/Post.go:159.34,161.44 2 1
stvCms/internal/services/Post.go:161.44,169.4 1 1
stvCms/internal/services/Post.go:171.3,180.30 2 1
stvCms/internal/services/Post.go:183.2,183.19 1 2
stvCms/internal/services/Post.go:186.74,189.16 3 4
stvCms/internal/services/Post.go:189.16,191.3 1 0
stvCms/internal/services/Post.go:193.2,193.34 1 4
stvCms/internal/services/Post.go:193.34,195.44 2 3
stvCms/internal/services/Post.go:195.44,203.4 1 0
stvCms/internal/services/Post.go:205.3,214.30 2 3
stvCms/internal/services/Post.go:217.2,217.19 1 4
stvCms/internal/services/Post.go:220.90,222.16 2 2
stvCms/internal/services/Post.go:222.16,224.3 1 1
stvCms/internal/services/Post.go:226.2,227.43 2 1
stvCms/internal/services/Post.go:227.43,235.3 1 1
stvCms/internal/services/Post.go:237.2,247.26 2 1
stvCms/internal/services/Post.go:250.81,252.16 2 4
stvCms/internal/services/Post.go:252.16,254.3 1 2
stvCms/internal/services/Post.go:256.2,257.43 2 2
stvCms/internal/services/Post.go:257.43,265.3 1 0
stvCms/internal/services/Post.go:267.2,277.26 2 2
stvCms/internal/services/Post.go:280.103,282.16 2 3
stvCms/internal/services/Post.go:282.16,284.3 1 1
stvCms/internal/services/Post.go:286.2,288.34 2 2
stvCms/internal/services/Post.go:288.34,290.44 2 1
stvCms/internal/services/Post.go:290.44,298.4 1 0
stvCms/internal/services/Post.go:300.3,309.30 2 1
stvCms/internal/services/Post.go:312.2,312.19 1 2
stvCms/internal/services/Post.go:315.115,317.9 2 7
stvCms/internal/services/Post.go:317.9,319.3 1 1
stvCms/internal/services/Post.go:321.2,324.14 2 6
stvCms/internal/services/Post.go:324.14,326.17 2 4
stvCms/internal/services/Post.go:326.17,328.4 1 0
stvCms/internal/services/Post.go:329.3,329.36 1 4
stvCms/internal/services/Post.go:329.36,331.4 1 1
stvCms/internal/services/Post.go:335.2,335.14 1 5
stvCms/internal/services/Post.go:335.14,337.3 1 3
stvCms/internal/services/Post.go:339.2,340.18 2 5
stvCms/internal/services/Post.go:340.18,342.19 2 5
stvCms/internal/services/Post.go:342.19,344.4 1 1
stvCms/internal/services/Post.go:347.2,349.42 2 4
stvCms/internal/services/Post.go:349.42,356.3 1 2
stvCms/internal/services/Post.go:357.2,362.18 2 4
stvCms/internal/services/Post.go:362.18,364.3 1 4
stvCms/internal/services/Post.go:366.2,367.16 2 4
stvCms/internal/services/Post.go:367.16,369.3 1 1
stvCms/internal/services/Post.go:372.2,372.14 1 3
stvCms/internal/services/Post.go:372.14,384.26 2 2
stvCms/internal/services/Post.go:384.26,385.90 1 0
stvCms/internal/services/Post.go:385.90,387.5 1 0
stvCms/internal/services/Post.go:391.2,391.20 1 3
stvCms/internal/services/Post.go:394.66,399.9 3 3
stvCms/internal/services/Post.go:399.9,401.3 1 2
stvCms/internal/services/Post.go:403.2,403.28 1 1
stvCms/internal/services/Post.go:406.107,408.28 2 5
stvCms/internal/services/Post.go:408.28,410.3 1 1
stvCms/internal/services/Post.go:412.2,413.16 2 4
stvCms/internal/services/Post.go:413.16,415.3 1 1
stvCms/internal/services/Post.go:417.2,424.94 6 3
stvCms/internal/services/Post.go:424.94,425.56 1 0
stvCms/internal/services/Post.go:425.56,430.4 2 0
stvCms/internal/services/Post.go:433.2,434.15 2 3
stvCms/internal/services/Post.go:434.15,436.3 1 0
stvCms/internal/services/Post.go:437.2,439.81 2 3
stvCms/internal/services/Post.go:442.62,445.41 2 8
stvCms/internal/services/Post.go:445.41,446.76 1 4
stvCms/internal/services/Post.go:446.76,448.4 1 0
stvCms/internal/services/Post.go:449.3,449.14 1 4
stvCms/internal/services/Post.go:450.8,450.28 1 4
stvCms/internal/services/Post.go:450.28,451.47 1 2
stvCms/internal/services/Post.go:451.47,453.4 1 0
stvCms/internal/services/Post.go:454.3,454.14 1 2
stvCms/internal/services/Post.go:457.2,457.12 1 2
stvCms/internal/services/Post.go:460.95,466.16 2 3
stvCms/internal/services/Post.go:466.16,468.3 1 1
stvCms/internal/services/Post.go:469.2,469.22 1 2
stvCms/internal/services/Post.go:472.73,473.24 1 4
stvCms/internal/services/Post.go:473.24,483.17 4 2
stvCms/internal/services/Post.go:483.17,486.4 2 1
stvCms/internal/services/Post.go:488.3,488.19 1 1
stvCms/internal/services/Post.go:490.2,492.24 2 2
stvCms/internal/services/Post.go:492.24,500.17 4 1
stvCms/internal/services/Post.go:500.17,503.4 2 0
stvCms/internal/services/Post.go:504.3,504.19 1 1
stvCms/internal/services/Post.go:506.2,508.59 2 1
stvCms/internal/services/Post.go:511.83,513.16 2 2
stvCms/internal/services/Post.go:513.16,515.3 1 1
stvCms/internal/services/Post.go:517.2,518.43 2 1
stvCms/internal/services/Post.go:518.43,526.3 1 0
stvCms/internal/services/Post.go:528.2,536.8 1 1
stvCms/internal/services/Post.go:539.75,541.16 2 2
stvCms/internal/services/Post.go:541.16,543.3 1 0
stvCms/internal/services/Post.go:545.2,546.34 2 2
stvCms/internal/services/Post.go:546.34,548.44 2 2
stvCms/internal/services/Post.go:548.44,556.4 1 0
stvCms/internal/services/Post.go:557.3,565.5 1 2
stvCms/internal/services/Post.go:567.2,567.19 1 2
stvCms/internal/services/Post.go:570.61,572.9 2 3
stvCms/internal/services/Post.go:572.9,574.3 1 1
stvCms/internal/services/Post.go:575.2,579.16 3 2
stvCms/internal/services/Post.go:579.16,581.3 1 1
stvCms/internal/services/Post.go:582.2,582.20 1 1
stvCms/internal/services/Post.go:585.60,587.9 2 3
stvCms/internal/services/Post.go:587.9,589.3 1 1
stvCms/internal/services/Post.go:590.2,591.12 2 2
stvCms/internal/services/Post.go:591.12,593.3 1 1
stvCms/internal/services/Post.go:594.2,594.30 1 1
stvCms/internal/services/Project.go:27.53,31.2 1 21
stvCms/internal/services/Project.go:33.91,42.30 3 20
stvCms/internal/services/Project.go:42.30,44.3 1 1
stvCms/internal/services/Project.go:46.2,59.16 3 19
stvCms/internal/services/Project.go:59.16,61.3 1 0
stvCms/internal/services/Project.go:62.2,62.20 1 19
stvCms/internal/services/Project.go:65.90,67.16 2 3
stvCms/internal/services/Project.go:67.16,69.3 1 0
stvCms/internal/services/Project.go:71.2,72.29 2 3
stvCms/internal/services/Project.go:72.29,74.3 1 3
stvCms/internal/services/Project.go:75.2,75.23 1 3
stvCms/internal/services/Project.go:78.83,80.16 2 2
stvCms/internal/services/Project.go:80.16,82.3 1 0
stvCms/internal/services/Project.go:84.2,85.29 2 2
stvCms/internal/services/Project.go:85.29,87.3 1 3
stvCms/internal/services/Project.go:88.2,88.23 1 2
stvCms/internal/services/Project.go:91.84,93.16 2 4
stvCms/internal/services/Project.go:93.16,95.3 1 2
stvCms/internal/services/Project.go:96.2,96.40 1 2
stvCms/internal/services/Project.go:99.91,100.47 1 3
stvCms/internal/services/Project.go:100.47,102.3 1 1
stvCms/internal/services/Project.go:104.2,104.20 1 2
stvCms/internal/services/Project.go:104.20,112.28 2 2
stvCms/internal/services/Project.go:112.28,114.4 1 1
stvCms/internal/services/Project.go:117.2,129.16 3 1
stvCms/internal/services/Project.go:129.16,131.3 1 0
stvCms/internal/services/Project.go:132.2,132.20 1 1
stvCms/internal/services/Project.go:135.72,139.49 3 4
stvCms/internal/services/Project.go:139.49,141.3 1 2
stvCms/internal/services/Project.go:142.2,142.31 1 2
stvCms/internal/services/Project.go:145.67,160.2 1 8
